<?xml version="1.0" encoding="UTF-8"?>
<!-- Generated by org.testng.reporters.JUnitReportReporter -->
<testsuite hostname="DESKTOP-FRV6B16" failures="0" tests="1" name="vtiger.Practice.ReadDataFromCmdLineTest" time="0.037" errors="0" timestamp="2023-02-02T02:56:22 IST" skipped="0">
  <testcase classname="vtiger.Practice.ReadDataFromCmdLineTest" name="readDataFromCmdLine" time="0.037"/>
  <system-out/>
</testsuite> <!-- vtiger.Practice.ReadDataFromCmdLineTest -->
