<?xml version="1.0" encoding="UTF-8"?>
<!-- Generated by org.testng.reporters.JUnitReportReporter -->
<testsuite hostname="DESKTOP-FRV6B16" failures="0" tests="1" name="vtiger.Practice.GenericMethodPractice" time="0.138" errors="0" timestamp="2022-12-26T22:57:53 IST" skipped="0">
  <testcase classname="vtiger.Practice.GenericMethodPractice" name="genericMethodPractice" time="0.138"/>
  <system-out/>
</testsuite> <!-- vtiger.Practice.GenericMethodPractice -->
