<?xml version="1.0" encoding="UTF-8"?>
<!-- Generated by org.testng.reporters.JUnitReportReporter -->
<testsuite hostname="DESKTOP-FRV6B16" failures="0" tests="2" name="vtiger.Practice.BaseClassPractice" time="0.048" errors="0" timestamp="2023-02-02T00:54:10 IST" skipped="0">
  <testcase classname="vtiger.Practice.BaseClassPractice" name="test2" time="0.026"/>
  <system-out/>
  <testcase classname="vtiger.Practice.BaseClassPractice" name="test1" time="0.022"/>
  <system-out/>
</testsuite> <!-- vtiger.Practice.BaseClassPractice -->
