<?xml version="1.0" encoding="UTF-8"?>
<!-- Generated by org.testng.reporters.JUnitReportReporter -->
<testsuite hostname="DESKTOP-FRV6B16" failures="0" tests="1" name="vtiger.Practice.ReadDataFromPropertyFile" time="0.085" errors="0" timestamp="2023-02-02T00:55:28 IST" skipped="0">
  <testcase classname="vtiger.Practice.ReadDataFromPropertyFile" name="readPropertyFileData" time="0.085"/>
  <system-out>
    <![CDATA[Chrome
http://localhost:8888
admin
admin]]>
  </system-out>
</testsuite> <!-- vtiger.Practice.ReadDataFromPropertyFile -->
