<?xml version="1.0" encoding="UTF-8"?>
<!-- Generated by org.testng.reporters.JUnitReportReporter -->
<testsuite hostname="DESKTOP-FRV6B16" failures="0" tests="1" name="vtiger.ContactsTestScripts.CreateContactWithMandatoryFieldsTest" time="310.268" errors="0" timestamp="2023-02-01T22:59:03 IST" skipped="0">
  <testcase classname="vtiger.ContactsTestScripts.CreateContactWithMandatoryFieldsTest" name="createContactWithMandatoryFieldsTest" time="310.268"/>
  <system-out/>
</testsuite> <!-- vtiger.ContactsTestScripts.CreateContactWithMandatoryFieldsTest -->
