<?xml version="1.0" encoding="UTF-8"?>
<!-- Generated by org.testng.reporters.JUnitReportReporter -->
<testsuite hostname="DESKTOP-FRV6B16" failures="0" tests="1" name="vtiger.Practice.WriteDataIntoExcelSheet" time="4.494" errors="0" timestamp="2023-01-17T23:58:18 IST" skipped="0">
  <testcase classname="vtiger.Practice.WriteDataIntoExcelSheet" name="writeDataIntoExcelSheet" time="4.494"/>
  <system-out>
    <![CDATA[Data is Added]]>
  </system-out>
</testsuite> <!-- vtiger.Practice.WriteDataIntoExcelSheet -->
