<?xml version="1.0" encoding="UTF-8"?>
<!-- Generated by org.testng.reporters.JUnitReportReporter -->
<testsuite hostname="DESKTOP-FRV6B16" failures="0" tests="1" name="vtiger.OrganizationsTests.CreateNewOrganizationWithIndustryPOM" time="124.617" errors="0" timestamp="2023-01-29T03:03:25 IST" skipped="0">
  <testcase classname="vtiger.OrganizationsTests.CreateNewOrganizationWithIndustryPOM" name="createNewOrganizationWithIndustryTest" time="124.617"/>
  <system-out/>
</testsuite> <!-- vtiger.OrganizationsTests.CreateNewOrganizationWithIndustryPOM -->
