<?xml version="1.0" encoding="UTF-8"?>
<!-- Generated by org.testng.reporters.JUnitReportReporter -->
<testsuite hostname="DESKTOP-FRV6B16" failures="0" tests="1" name="vtiger.Practice.GenericUtilityPractice" time="9.603" errors="0" timestamp="2022-12-27T00:48:44 IST" skipped="0">
  <testcase classname="vtiger.Practice.GenericUtilityPractice" name="javaUtilityPractice" time="9.603"/>
  <system-out/>
</testsuite> <!-- vtiger.Practice.GenericUtilityPractice -->
