<?xml version="1.0" encoding="UTF-8"?>
<!-- Generated by org.testng.reporters.JUnitReportReporter -->
<testsuite hostname="DESKTOP-FRV6B16" failures="0" tests="2" name="vtiger.Practice.RetryAnalyserPractice" time="0.140" errors="0" timestamp="2023-02-01T04:14:54 IST" skipped="0">
  <testcase classname="vtiger.Practice.RetryAnalyserPractice" name="retryAnalyserTest2" time="0.012"/>
  <system-out/>
  <testcase classname="vtiger.Practice.RetryAnalyserPractice" name="retryAnalyserTest1" time="0.128"/>
  <system-out/>
</testsuite> <!-- vtiger.Practice.RetryAnalyserPractice -->
