<?xml version="1.0" encoding="UTF-8"?>
<!-- Generated by org.testng.reporters.JUnitReportReporter -->
<testsuite hostname="DESKTOP-FRV6B16" failures="0" tests="1" name="vtiger.Practice.ReadDataFromExcelSheet" time="4.550" errors="0" timestamp="2023-01-17T23:57:13 IST" skipped="0">
  <testcase classname="vtiger.Practice.ReadDataFromExcelSheet" name="readExcelData" time="4.550"/>
  <system-out>
    <![CDATA[CreateOrganizationWithIndustryTypeAndTyeTest]]>
  </system-out>
</testsuite> <!-- vtiger.Practice.ReadDataFromExcelSheet -->
