<?xml version="1.0" encoding="UTF-8"?>
<!-- Generated by org.testng.reporters.JUnitReportReporter -->
<testsuite hostname="DESKTOP-FRV6B16" failures="0" tests="14" name="vtiger.Practice.DataProviderPractice" time="0.136" errors="0" timestamp="2023-02-02T00:55:06 IST" skipped="0">
  <testcase classname="vtiger.Practice.DataProviderPractice" name="orgNamesWithIndustryTypesTest" time="0.004"/>
  <system-out/>
  <testcase classname="vtiger.Practice.DataProviderPractice" name="orgNamesWithIndustryTypesTest" time="0.015"/>
  <system-out/>
  <testcase classname="vtiger.Practice.DataProviderPractice" name="orgNamesWithIndustryTypesTest" time="0.009"/>
  <system-out/>
  <testcase classname="vtiger.Practice.DataProviderPractice" name="orgNamesWithIndustryTypesTest" time="0.013"/>
  <system-out/>
  <testcase classname="vtiger.Practice.DataProviderPractice" name="orgNamesWithIndustryTypesTest" time="0.006"/>
  <system-out/>
  <testcase classname="vtiger.Practice.DataProviderPractice" name="orgNamesWithIndustryTypesTest" time="0.008"/>
  <system-out/>
  <testcase classname="vtiger.Practice.DataProviderPractice" name="addProductToCartTest" time="0.009"/>
  <system-out/>
  <testcase classname="vtiger.Practice.DataProviderPractice" name="orgNamesWithIndustryTypesTest" time="0.012"/>
  <system-out/>
  <testcase classname="vtiger.Practice.DataProviderPractice" name="addProductToCartTest" time="0.023"/>
  <system-out/>
  <testcase classname="vtiger.Practice.DataProviderPractice" name="addProductToCartTest" time="0.004"/>
  <system-out/>
  <testcase classname="vtiger.Practice.DataProviderPractice" name="addProductToCartTest" time="0.005"/>
  <system-out/>
  <testcase classname="vtiger.Practice.DataProviderPractice" name="orgNamesWithIndustryTypesTest" time="0.002"/>
  <system-out/>
  <testcase classname="vtiger.Practice.DataProviderPractice" name="orgNamesWithIndustryTypesTest" time="0.004"/>
  <system-out/>
  <testcase classname="vtiger.Practice.DataProviderPractice" name="orgNamesWithIndustryTypesTest" time="0.022"/>
  <system-out/>
</testsuite> <!-- vtiger.Practice.DataProviderPractice -->
