<?xml version="1.0" encoding="UTF-8"?>
<!-- Generated by org.testng.reporters.JUnitReportReporter -->
<testsuite hostname="DESKTOP-FRV6B16" failures="0" tests="4" name="vtiger.Practice.TestNGPractice" time="0.068" errors="0" timestamp="2023-01-29T06:05:08 IST" skipped="0">
  <testcase classname="vtiger.Practice.TestNGPractice" name="modifyCustomerTest" time="0.012"/>
  <system-out/>
  <testcase classname="vtiger.Practice.TestNGPractice" name="deleteCustomerTest" time="0.008"/>
  <system-out/>
  <testcase classname="vtiger.Practice.TestNGPractice" name="createCustomerTest" time="0.017"/>
  <system-out/>
  <testcase classname="vtiger.Practice.TestNGPractice" name="createCustomerTest" time="0.031"/>
  <system-out/>
</testsuite> <!-- vtiger.Practice.TestNGPractice -->
