<?xml version="1.0" encoding="UTF-8"?>
<!-- Generated by org.testng.reporters.JUnitReportReporter -->
<testsuite hostname="DESKTOP-FRV6B16" failures="0" tests="1" name="vtiger.ContactsTests.CreateContactWithMandatoryFieldsTest" time="111.879" errors="0" timestamp="2023-01-29T05:04:25 IST" skipped="0">
  <testcase classname="vtiger.ContactsTests.CreateContactWithMandatoryFieldsTest" name="createContactWithMandatoryFieldsTest" time="111.879"/>
  <system-out/>
</testsuite> <!-- vtiger.ContactsTests.CreateContactWithMandatoryFieldsTest -->
